2025-11-06 20:08:34,231 [INFO] === ✅ 전역 로거 설정 완료 ===
2025-11-06 20:08:34,232 [INFO] 테스트 시작
2025-11-06 20:08:35,237 [DEBUG] 중간 단계: sleep 완료
2025-11-06 20:08:35,238 [WARNING] 경고 메시지 예시
2025-11-06 20:08:35,238 [ERROR] 에러 메시지 예시
2025-11-06 20:08:35,238 [INFO] 테스트 종료
2025-11-06 20:08:35,245 [DEBUG] Selenium Manager binary found at: /Users/Sunah/Desktop/team2_project/venv/lib/python3.13/site-packages/selenium/webdriver/common/macos/selenium-manager
2025-11-06 20:08:35,246 [DEBUG] Executing process: /Users/Sunah/Desktop/team2_project/venv/lib/python3.13/site-packages/selenium/webdriver/common/macos/selenium-manager --browser chrome --debug --language-binding python --output json
2025-11-06 20:08:36,117 [DEBUG] chromedriver not found in PATH
2025-11-06 20:08:36,118 [DEBUG] chrome detected at /Applications/Google Chrome.app/Contents/MacOS/Google Chrome
2025-11-06 20:08:36,118 [DEBUG] Running command: /Applications/Google\ Chrome.app/Contents/MacOS/Google\ Chrome --version
2025-11-06 20:08:36,118 [DEBUG] Output: "Google Chrome 142.0.7444.60 "
2025-11-06 20:08:36,118 [DEBUG] Detected browser: chrome 142.0.7444.60
2025-11-06 20:08:36,118 [DEBUG] Required driver: chromedriver 142.0.7444.61
2025-11-06 20:08:36,118 [DEBUG] chromedriver 142.0.7444.61 already in the cache
2025-11-06 20:08:36,118 [DEBUG] Driver path: /Users/Sunah/.cache/selenium/chromedriver/mac-arm64/142.0.7444.61/chromedriver
2025-11-06 20:08:36,118 [DEBUG] Browser path: /Applications/Google Chrome.app/Contents/MacOS/Google Chrome
2025-11-06 20:08:36,121 [DEBUG] Started executable: `/Users/Sunah/.cache/selenium/chromedriver/mac-arm64/142.0.7444.61/chromedriver` in a child process with pid: 79662 using 0 to output -3
2025-11-06 20:08:36,212 [DEBUG] POST http://localhost:63991/session {'capabilities': {'firstMatch': [{}], 'alwaysMatch': {'browserName': 'chrome', 'pageLoadStrategy': <PageLoadStrategy.normal: 'normal'>, 'browserVersion': None, 'goog:chromeOptions': {'extensions': [], 'binary': '/Applications/Google Chrome.app/Contents/MacOS/Google Chrome', 'args': []}}}}
2025-11-06 20:08:36,215 [DEBUG] Starting new HTTP connection (1): localhost:63991
2025-11-06 20:08:38,697 [DEBUG] http://localhost:63991 "POST /session HTTP/1.1" 200 0
2025-11-06 20:08:38,698 [DEBUG] Remote response: status=200 | data={"value":{"capabilities":{"acceptInsecureCerts":false,"browserName":"chrome","browserVersion":"142.0.7444.60","chrome":{"chromedriverVersion":"142.0.7444.61 (9884f628acbc5ba8787e2c95a8923a30cf127fd8-refs/branch-heads/7444_52@{#6})","userDataDir":"/var/folders/vj/3xd5sxm97y71ypvsc224sjn80000gp/T/.org.chromium.Chromium.scoped_dir.7QwbeN"},"fedcm:accounts":true,"goog:chromeOptions":{"debuggerAddress":"localhost:63999"},"goog:processID":79663,"networkConnectionEnabled":false,"pageLoadStrategy":"normal","platformName":"mac","proxy":{},"setWindowRect":true,"strictFileInteractability":false,"timeouts":{"implicit":0,"pageLoad":300000,"script":30000},"unhandledPromptBehavior":"dismiss and notify","webauthn:extension:credBlob":true,"webauthn:extension:largeBlob":true,"webauthn:extension:minPinLength":true,"webauthn:extension:prf":true,"webauthn:virtualAuthenticators":true},"sessionId":"89e57147b853bb80645f79ec9d7821c7"}} | headers=HTTPHeaderDict({'Content-Length': '924', 'Content-Type': 'application/json; charset=utf-8', 'cache-control': 'no-cache'})
2025-11-06 20:08:38,701 [DEBUG] Finished Request
2025-11-06 20:08:38,701 [DEBUG] POST http://localhost:63991/session/89e57147b853bb80645f79ec9d7821c7/timeouts {'implicit': 5000}
2025-11-06 20:08:38,703 [DEBUG] http://localhost:63991 "POST /session/89e57147b853bb80645f79ec9d7821c7/timeouts HTTP/1.1" 200 0
2025-11-06 20:08:38,703 [DEBUG] Remote response: status=200 | data={"value":null} | headers=HTTPHeaderDict({'Content-Length': '14', 'Content-Type': 'application/json; charset=utf-8', 'cache-control': 'no-cache'})
2025-11-06 20:08:38,703 [DEBUG] Finished Request
2025-11-06 20:08:38,712 [DEBUG] POST http://localhost:63991/session/89e57147b853bb80645f79ec9d7821c7/url {'url': 'https://qaproject.elice.io/ai-helpy-chat'}
2025-11-06 20:08:39,844 [DEBUG] http://localhost:63991 "POST /session/89e57147b853bb80645f79ec9d7821c7/url HTTP/1.1" 200 0
2025-11-06 20:08:39,846 [DEBUG] Remote response: status=200 | data={"value":null} | headers=HTTPHeaderDict({'Content-Length': '14', 'Content-Type': 'application/json; charset=utf-8', 'cache-control': 'no-cache'})
2025-11-06 20:08:39,848 [DEBUG] Finished Request
2025-11-06 20:08:39,849 [DEBUG] POST http://localhost:63991/session/89e57147b853bb80645f79ec9d7821c7/element {'using': 'css selector', 'value': '[id=":r0:"]'}
2025-11-06 20:08:40,477 [DEBUG] http://localhost:63991 "POST /session/89e57147b853bb80645f79ec9d7821c7/element HTTP/1.1" 200 0
2025-11-06 20:08:40,478 [DEBUG] Remote response: status=200 | data={"value":{"element-6066-11e4-a52e-4f735466cecf":"f.B2802B7B14B89180851EE1E5A0611A4E.d.1B071E53AC7E7B4AB2700F9972A06BAD.e.14"}} | headers=HTTPHeaderDict({'Content-Length': '126', 'Content-Type': 'application/json; charset=utf-8', 'cache-control': 'no-cache'})
2025-11-06 20:08:40,478 [DEBUG] Finished Request
2025-11-06 20:08:40,478 [DEBUG] POST http://localhost:63991/session/89e57147b853bb80645f79ec9d7821c7/element/f.B2802B7B14B89180851EE1E5A0611A4E.d.1B071E53AC7E7B4AB2700F9972A06BAD.e.14/value {'text': 'team2@elice.com', 'value': ['t', 'e', 'a', 'm', '2', '@', 'e', 'l', 'i', 'c', 'e', '.', 'c', 'o', 'm']}
2025-11-06 20:08:40,856 [DEBUG] http://localhost:63991 "POST /session/89e57147b853bb80645f79ec9d7821c7/element/f.B2802B7B14B89180851EE1E5A0611A4E.d.1B071E53AC7E7B4AB2700F9972A06BAD.e.14/value HTTP/1.1" 200 0
2025-11-06 20:08:40,858 [DEBUG] Remote response: status=200 | data={"value":null} | headers=HTTPHeaderDict({'Content-Length': '14', 'Content-Type': 'application/json; charset=utf-8', 'cache-control': 'no-cache'})
2025-11-06 20:08:40,858 [DEBUG] Finished Request
2025-11-06 20:08:40,863 [DEBUG] POST http://localhost:63991/session/89e57147b853bb80645f79ec9d7821c7/element {'using': 'xpath', 'value': '//input[@name="password" and @type="password"]'}
2025-11-06 20:08:40,901 [DEBUG] http://localhost:63991 "POST /session/89e57147b853bb80645f79ec9d7821c7/element HTTP/1.1" 200 0
2025-11-06 20:08:40,901 [DEBUG] Remote response: status=200 | data={"value":{"element-6066-11e4-a52e-4f735466cecf":"f.B2802B7B14B89180851EE1E5A0611A4E.d.1B071E53AC7E7B4AB2700F9972A06BAD.e.15"}} | headers=HTTPHeaderDict({'Content-Length': '126', 'Content-Type': 'application/json; charset=utf-8', 'cache-control': 'no-cache'})
2025-11-06 20:08:40,901 [DEBUG] Finished Request
2025-11-06 20:08:40,901 [DEBUG] POST http://localhost:63991/session/89e57147b853bb80645f79ec9d7821c7/execute/sync {'script': '\n    const input = arguments[0];\n    const value = arguments[1];\n    input.focus();\n    const lastVa...', 'args': [{'element-6066-11e4-a52e-4f735466cecf': 'f.B2802B7B14B89180851EE1E5A0611A4E.d.1B071E53AC7E7B4AB2700F9972A06BAD.e.15'}, 'team2elice!@']}
2025-11-06 20:08:40,958 [DEBUG] http://localhost:63991 "POST /session/89e57147b853bb80645f79ec9d7821c7/execute/sync HTTP/1.1" 200 0
2025-11-06 20:08:40,958 [DEBUG] Remote response: status=200 | data={"value":null} | headers=HTTPHeaderDict({'Content-Length': '14', 'Content-Type': 'application/json; charset=utf-8', 'cache-control': 'no-cache'})
2025-11-06 20:08:40,958 [DEBUG] Finished Request
2025-11-06 20:08:40,958 [DEBUG] POST http://localhost:63991/session/89e57147b853bb80645f79ec9d7821c7/element {'using': 'css selector', 'value': '[id=":r3:"]'}
2025-11-06 20:08:40,975 [DEBUG] http://localhost:63991 "POST /session/89e57147b853bb80645f79ec9d7821c7/element HTTP/1.1" 200 0
2025-11-06 20:08:40,975 [DEBUG] Remote response: status=200 | data={"value":{"element-6066-11e4-a52e-4f735466cecf":"f.B2802B7B14B89180851EE1E5A0611A4E.d.1B071E53AC7E7B4AB2700F9972A06BAD.e.19"}} | headers=HTTPHeaderDict({'Content-Length': '126', 'Content-Type': 'application/json; charset=utf-8', 'cache-control': 'no-cache'})
2025-11-06 20:08:40,975 [DEBUG] Finished Request
2025-11-06 20:08:40,976 [DEBUG] POST http://localhost:63991/session/89e57147b853bb80645f79ec9d7821c7/element/f.B2802B7B14B89180851EE1E5A0611A4E.d.1B071E53AC7E7B4AB2700F9972A06BAD.e.19/click {}
2025-11-06 20:08:41,085 [DEBUG] http://localhost:63991 "POST /session/89e57147b853bb80645f79ec9d7821c7/element/f.B2802B7B14B89180851EE1E5A0611A4E.d.1B071E53AC7E7B4AB2700F9972A06BAD.e.19/click HTTP/1.1" 200 0
2025-11-06 20:08:41,086 [DEBUG] Remote response: status=200 | data={"value":null} | headers=HTTPHeaderDict({'Content-Length': '14', 'Content-Type': 'application/json; charset=utf-8', 'cache-control': 'no-cache'})
2025-11-06 20:08:41,086 [DEBUG] Finished Request
2025-11-06 20:08:51,097 [DEBUG] GET http://localhost:63991/session/89e57147b853bb80645f79ec9d7821c7/url {}
2025-11-06 20:08:51,118 [DEBUG] http://localhost:63991 "GET /session/89e57147b853bb80645f79ec9d7821c7/url HTTP/1.1" 200 0
2025-11-06 20:08:51,118 [DEBUG] Remote response: status=200 | data={"value":"https://qaproject.elice.io/ai-helpy-chat"} | headers=HTTPHeaderDict({'Content-Length': '52', 'Content-Type': 'application/json; charset=utf-8', 'cache-control': 'no-cache'})
2025-11-06 20:08:51,118 [DEBUG] Finished Request
2025-11-06 20:08:51,279 [DEBUG] DELETE http://localhost:63991/session/89e57147b853bb80645f79ec9d7821c7 {}
2025-11-06 20:08:51,348 [DEBUG] http://localhost:63991 "DELETE /session/89e57147b853bb80645f79ec9d7821c7 HTTP/1.1" 200 0
2025-11-06 20:08:51,349 [DEBUG] Remote response: status=200 | data={"value":null} | headers=HTTPHeaderDict({'Content-Length': '14', 'Content-Type': 'application/json; charset=utf-8', 'cache-control': 'no-cache'})
2025-11-06 20:08:51,350 [DEBUG] Finished Request
2025-11-06 20:08:51,450 [INFO] === 🧾 테스트 세션 종료 ===
