2025-11-06 20:10:22,680 [INFO] === ✅ 전역 로거 설정 완료 ===
2025-11-06 20:10:22,680 [INFO] 테스트 시작
2025-11-06 20:10:23,685 [DEBUG] 중간 단계: sleep 완료
2025-11-06 20:10:23,686 [WARNING] 경고 메시지 예시
2025-11-06 20:10:23,686 [ERROR] 에러 메시지 예시
2025-11-06 20:10:23,686 [INFO] 테스트 종료
2025-11-06 20:10:23,695 [DEBUG] Selenium Manager binary found at: /Users/Sunah/Desktop/team2_project/venv/lib/python3.13/site-packages/selenium/webdriver/common/macos/selenium-manager
2025-11-06 20:10:23,696 [DEBUG] Executing process: /Users/Sunah/Desktop/team2_project/venv/lib/python3.13/site-packages/selenium/webdriver/common/macos/selenium-manager --browser chrome --debug --language-binding python --output json
2025-11-06 20:10:24,513 [DEBUG] chromedriver not found in PATH
2025-11-06 20:10:24,513 [DEBUG] chrome detected at /Applications/Google Chrome.app/Contents/MacOS/Google Chrome
2025-11-06 20:10:24,513 [DEBUG] Running command: /Applications/Google\ Chrome.app/Contents/MacOS/Google\ Chrome --version
2025-11-06 20:10:24,513 [DEBUG] Output: "Google Chrome 142.0.7444.60 "
2025-11-06 20:10:24,513 [DEBUG] Detected browser: chrome 142.0.7444.60
2025-11-06 20:10:24,513 [DEBUG] Required driver: chromedriver 142.0.7444.61
2025-11-06 20:10:24,513 [DEBUG] chromedriver 142.0.7444.61 already in the cache
2025-11-06 20:10:24,513 [DEBUG] Driver path: /Users/Sunah/.cache/selenium/chromedriver/mac-arm64/142.0.7444.61/chromedriver
2025-11-06 20:10:24,513 [DEBUG] Browser path: /Applications/Google Chrome.app/Contents/MacOS/Google Chrome
2025-11-06 20:10:24,515 [DEBUG] Started executable: `/Users/Sunah/.cache/selenium/chromedriver/mac-arm64/142.0.7444.61/chromedriver` in a child process with pid: 79858 using 0 to output -3
2025-11-06 20:10:24,598 [DEBUG] POST http://localhost:64075/session {'capabilities': {'firstMatch': [{}], 'alwaysMatch': {'browserName': 'chrome', 'pageLoadStrategy': <PageLoadStrategy.normal: 'normal'>, 'browserVersion': None, 'goog:chromeOptions': {'extensions': [], 'binary': '/Applications/Google Chrome.app/Contents/MacOS/Google Chrome', 'args': []}}}}
2025-11-06 20:10:24,599 [DEBUG] Starting new HTTP connection (1): localhost:64075
2025-11-06 20:10:26,734 [DEBUG] http://localhost:64075 "POST /session HTTP/1.1" 200 0
2025-11-06 20:10:26,735 [DEBUG] Remote response: status=200 | data={"value":{"capabilities":{"acceptInsecureCerts":false,"browserName":"chrome","browserVersion":"142.0.7444.60","chrome":{"chromedriverVersion":"142.0.7444.61 (9884f628acbc5ba8787e2c95a8923a30cf127fd8-refs/branch-heads/7444_52@{#6})","userDataDir":"/var/folders/vj/3xd5sxm97y71ypvsc224sjn80000gp/T/.org.chromium.Chromium.scoped_dir.QrNcAA"},"fedcm:accounts":true,"goog:chromeOptions":{"debuggerAddress":"localhost:64083"},"goog:processID":79859,"networkConnectionEnabled":false,"pageLoadStrategy":"normal","platformName":"mac","proxy":{},"setWindowRect":true,"strictFileInteractability":false,"timeouts":{"implicit":0,"pageLoad":300000,"script":30000},"unhandledPromptBehavior":"dismiss and notify","webauthn:extension:credBlob":true,"webauthn:extension:largeBlob":true,"webauthn:extension:minPinLength":true,"webauthn:extension:prf":true,"webauthn:virtualAuthenticators":true},"sessionId":"7866743b152fedc3e07f918017097c55"}} | headers=HTTPHeaderDict({'Content-Length': '924', 'Content-Type': 'application/json; charset=utf-8', 'cache-control': 'no-cache'})
2025-11-06 20:10:26,736 [DEBUG] Finished Request
2025-11-06 20:10:26,738 [DEBUG] POST http://localhost:64075/session/7866743b152fedc3e07f918017097c55/timeouts {'implicit': 5000}
2025-11-06 20:10:26,743 [DEBUG] http://localhost:64075 "POST /session/7866743b152fedc3e07f918017097c55/timeouts HTTP/1.1" 200 0
2025-11-06 20:10:26,743 [DEBUG] Remote response: status=200 | data={"value":null} | headers=HTTPHeaderDict({'Content-Length': '14', 'Content-Type': 'application/json; charset=utf-8', 'cache-control': 'no-cache'})
2025-11-06 20:10:26,743 [DEBUG] Finished Request
2025-11-06 20:10:26,746 [DEBUG] POST http://localhost:64075/session/7866743b152fedc3e07f918017097c55/url {'url': 'https://qaproject.elice.io/ai-helpy-chat'}
2025-11-06 20:10:27,918 [DEBUG] http://localhost:64075 "POST /session/7866743b152fedc3e07f918017097c55/url HTTP/1.1" 200 0
2025-11-06 20:10:27,922 [DEBUG] Remote response: status=200 | data={"value":null} | headers=HTTPHeaderDict({'Content-Length': '14', 'Content-Type': 'application/json; charset=utf-8', 'cache-control': 'no-cache'})
2025-11-06 20:10:27,922 [DEBUG] Finished Request
2025-11-06 20:10:27,926 [DEBUG] POST http://localhost:64075/session/7866743b152fedc3e07f918017097c55/element {'using': 'css selector', 'value': '[id=":r0:"]'}
2025-11-06 20:10:28,603 [DEBUG] http://localhost:64075 "POST /session/7866743b152fedc3e07f918017097c55/element HTTP/1.1" 200 0
2025-11-06 20:10:28,604 [DEBUG] Remote response: status=200 | data={"value":{"element-6066-11e4-a52e-4f735466cecf":"f.C77CD64903680A6D8DD3DC8773127631.d.2198D6687935C8B5A4703D1C6658BB25.e.14"}} | headers=HTTPHeaderDict({'Content-Length': '126', 'Content-Type': 'application/json; charset=utf-8', 'cache-control': 'no-cache'})
2025-11-06 20:10:28,605 [DEBUG] Finished Request
2025-11-06 20:10:28,608 [DEBUG] POST http://localhost:64075/session/7866743b152fedc3e07f918017097c55/element/f.C77CD64903680A6D8DD3DC8773127631.d.2198D6687935C8B5A4703D1C6658BB25.e.14/value {'text': 'team2@elice.com', 'value': ['t', 'e', 'a', 'm', '2', '@', 'e', 'l', 'i', 'c', 'e', '.', 'c', 'o', 'm']}
2025-11-06 20:10:28,935 [DEBUG] http://localhost:64075 "POST /session/7866743b152fedc3e07f918017097c55/element/f.C77CD64903680A6D8DD3DC8773127631.d.2198D6687935C8B5A4703D1C6658BB25.e.14/value HTTP/1.1" 200 0
2025-11-06 20:10:28,936 [DEBUG] Remote response: status=200 | data={"value":null} | headers=HTTPHeaderDict({'Content-Length': '14', 'Content-Type': 'application/json; charset=utf-8', 'cache-control': 'no-cache'})
2025-11-06 20:10:28,936 [DEBUG] Finished Request
2025-11-06 20:10:28,937 [DEBUG] POST http://localhost:64075/session/7866743b152fedc3e07f918017097c55/element {'using': 'xpath', 'value': '//input[@name="password" and @type="password"]'}
2025-11-06 20:10:28,959 [DEBUG] http://localhost:64075 "POST /session/7866743b152fedc3e07f918017097c55/element HTTP/1.1" 200 0
2025-11-06 20:10:28,959 [DEBUG] Remote response: status=200 | data={"value":{"element-6066-11e4-a52e-4f735466cecf":"f.C77CD64903680A6D8DD3DC8773127631.d.2198D6687935C8B5A4703D1C6658BB25.e.16"}} | headers=HTTPHeaderDict({'Content-Length': '126', 'Content-Type': 'application/json; charset=utf-8', 'cache-control': 'no-cache'})
2025-11-06 20:10:28,959 [DEBUG] Finished Request
2025-11-06 20:10:28,959 [DEBUG] POST http://localhost:64075/session/7866743b152fedc3e07f918017097c55/execute/sync {'script': '\n    const input = arguments[0];\n    const value = arguments[1];\n    input.focus();\n    const lastVa...', 'args': [{'element-6066-11e4-a52e-4f735466cecf': 'f.C77CD64903680A6D8DD3DC8773127631.d.2198D6687935C8B5A4703D1C6658BB25.e.16'}, 'team2elice!@']}
2025-11-06 20:10:29,006 [DEBUG] http://localhost:64075 "POST /session/7866743b152fedc3e07f918017097c55/execute/sync HTTP/1.1" 200 0
2025-11-06 20:10:29,006 [DEBUG] Remote response: status=200 | data={"value":null} | headers=HTTPHeaderDict({'Content-Length': '14', 'Content-Type': 'application/json; charset=utf-8', 'cache-control': 'no-cache'})
2025-11-06 20:10:29,006 [DEBUG] Finished Request
2025-11-06 20:10:29,007 [DEBUG] POST http://localhost:64075/session/7866743b152fedc3e07f918017097c55/element {'using': 'css selector', 'value': '[id=":r3:"]'}
2025-11-06 20:10:29,033 [DEBUG] http://localhost:64075 "POST /session/7866743b152fedc3e07f918017097c55/element HTTP/1.1" 200 0
2025-11-06 20:10:29,034 [DEBUG] Remote response: status=200 | data={"value":{"element-6066-11e4-a52e-4f735466cecf":"f.C77CD64903680A6D8DD3DC8773127631.d.2198D6687935C8B5A4703D1C6658BB25.e.20"}} | headers=HTTPHeaderDict({'Content-Length': '126', 'Content-Type': 'application/json; charset=utf-8', 'cache-control': 'no-cache'})
2025-11-06 20:10:29,034 [DEBUG] Finished Request
2025-11-06 20:10:29,034 [DEBUG] POST http://localhost:64075/session/7866743b152fedc3e07f918017097c55/element/f.C77CD64903680A6D8DD3DC8773127631.d.2198D6687935C8B5A4703D1C6658BB25.e.20/click {}
2025-11-06 20:10:29,163 [DEBUG] http://localhost:64075 "POST /session/7866743b152fedc3e07f918017097c55/element/f.C77CD64903680A6D8DD3DC8773127631.d.2198D6687935C8B5A4703D1C6658BB25.e.20/click HTTP/1.1" 200 0
2025-11-06 20:10:29,165 [DEBUG] Remote response: status=200 | data={"value":null} | headers=HTTPHeaderDict({'Content-Length': '14', 'Content-Type': 'application/json; charset=utf-8', 'cache-control': 'no-cache'})
2025-11-06 20:10:29,165 [DEBUG] Finished Request
2025-11-06 20:10:39,174 [DEBUG] GET http://localhost:64075/session/7866743b152fedc3e07f918017097c55/url {}
2025-11-06 20:10:39,190 [DEBUG] http://localhost:64075 "GET /session/7866743b152fedc3e07f918017097c55/url HTTP/1.1" 200 0
2025-11-06 20:10:39,191 [DEBUG] Remote response: status=200 | data={"value":"https://qaproject.elice.io/ai-helpy-chat"} | headers=HTTPHeaderDict({'Content-Length': '52', 'Content-Type': 'application/json; charset=utf-8', 'cache-control': 'no-cache'})
2025-11-06 20:10:39,191 [DEBUG] Finished Request
2025-11-06 20:10:39,195 [DEBUG] DELETE http://localhost:64075/session/7866743b152fedc3e07f918017097c55 {}
2025-11-06 20:10:39,247 [DEBUG] http://localhost:64075 "DELETE /session/7866743b152fedc3e07f918017097c55 HTTP/1.1" 200 0
2025-11-06 20:10:39,252 [DEBUG] Remote response: status=200 | data={"value":null} | headers=HTTPHeaderDict({'Content-Length': '14', 'Content-Type': 'application/json; charset=utf-8', 'cache-control': 'no-cache'})
2025-11-06 20:10:39,254 [DEBUG] Finished Request
2025-11-06 20:10:39,369 [INFO] === 🧾 테스트 세션 종료 ===
